<?xml version="1.0" encoding="UTF-8"?>
<!-- Generated by org.testng.reporters.JUnitReportReporter -->
<testsuite skipped="0" hostname="Satish" name="mavacadamy.AppiumTest" tests="2" failures="0" timestamp="2021-02-08T10:57:26 IST" time="0.001" errors="0">
  <testcase name="celltesting" time="0.001" classname="mavacadamy.AppiumTest"/>
  <system-out/>
  <testcase name="MobileTesting" time="0.000" classname="mavacadamy.AppiumTest"/>
  <system-out/>
</testsuite> <!-- mavacadamy.AppiumTest -->
