<?xml version="1.0" encoding="UTF-8"?>
<!-- Generated by org.testng.reporters.JUnitReportReporter -->
<testsuite skipped="0" hostname="Satish" name="mavacadamy.SeleniumTest" tests="2" failures="0" timestamp="2021-02-08T10:57:26 IST" time="0.009" errors="0">
  <testcase name="Automation" time="0.008" classname="mavacadamy.SeleniumTest"/>
  <system-out/>
  <testcase name="BrowserAutomation" time="0.001" classname="mavacadamy.SeleniumTest"/>
  <system-out/>
</testsuite> <!-- mavacadamy.SeleniumTest -->
