<?xml version="1.0" encoding="UTF-8"?>
<!-- Generated by org.testng.reporters.JUnitReportReporter -->
<testsuite skipped="0" hostname="Satish" name="mavacadamy.RestAPI" tests="2" failures="0" timestamp="2021-02-08T10:57:26 IST" time="0.001" errors="0">
  <testcase name="ResAPI" time="0.000" classname="mavacadamy.RestAPI"/>
  <system-out/>
  <testcase name="RemainingAPI" time="0.001" classname="mavacadamy.RestAPI"/>
  <system-out/>
</testsuite> <!-- mavacadamy.RestAPI -->
